[2020-09-29 17:00:21.307] [info] Checking for update
[2020-09-29 17:00:21.563] [info] Generated new staging user ID: c1bec228-8f78-539b-931f-3d3a723606d2
[2020-09-29 17:00:23.824] [info] Found version 5.4.3 (url: Zulip-5.4.3-x86_64.AppImage)
[2020-09-29 17:00:23.825] [info] Downloading update from Zulip-5.4.3-x86_64.AppImage
[2020-09-29 17:00:23.831] [info] No cached update info available
[2020-09-29 17:00:25.381] [info] File has 3390 changed blocks
[2020-09-29 17:00:25.436] [info] Full: 74,930.13 KB, To download: 70,043.93 KB (93%)
[2020-09-29 17:00:25.439] [info] Differential download: https://github.com/zulip/zulip-desktop/releases/download/v5.4.3/Zulip-5.4.3-x86_64.AppImage
[2020-09-29 17:00:25.502] [info] Redirect to https://github-production-release-asset-2e65be.s3.amazonaws.com/60656871/68cdcf00-f2a7-11ea-897c-9b155c755721
[2020-09-29 17:01:07.397] [error] Cannot download differentially, fallback to full download: Error: sha512 checksum mismatch, expected MABQb9+uwQx1b05WNZFXJGa/N5hS2OQmRuOwier8hGeLh5DguB0SSCJZ2mrV7CutbT90lPyLiUiyuMUoaSezWA==, got UDauJKsFJXYd6TlnmJ+aaWvVioRJ9bOgGpuLG5kej8wFwvaRhxVXzDjhn+oY9zg9Z7T/JdLGKMOio0WsPOn2vw==
    at newError (/tmp/.mount_zulip_tBeyjK/resources/app.asar/node_modules/builder-util-runtime/out/index.js:212:17)
    at DigestTransform.validate (/tmp/.mount_zulip_tBeyjK/resources/app.asar/node_modules/builder-util-runtime/out/httpExecutor.js:409:35)
    at WriteStream.<anonymous> (/tmp/.mount_zulip_tBeyjK/resources/app.asar/node_modules/electron-updater/out/differentialDownloader/DifferentialDownloader.js:186:29)
    at WriteStream.emit (events.js:210:5)
    at WriteStream.EventEmitter.emit (domain.js:476:20)
    at internal/fs/streams.js:218:14
    at /tmp/.mount_zulip_tBeyjK/resources/app.asar/node_modules/graceful-fs/graceful-fs.js:61:14
    at FSReqCallback.oncomplete (fs.js:146:23)
[2020-09-29 17:01:22.510] [info] New version 5.4.3 has been downloaded to /home/cormak/.cache/zulip-updater/pending/Zulip-5.4.3-x86_64.AppImage
[2020-09-29 17:01:28.443] [info] Install on explicit quitAndInstall
[2020-09-29 17:01:28.445] [info] Install: isSilent: false, isForceRunAfter: true
[2020-09-29 17:01:28.448] [error] Error: Error: ENOSYS: function not implemented, unlink '/run/user/1000/appimagelauncherfs/0001.AppImage'
    at unlinkSync (fs.js:1035:3)
    at AppImageUpdater.doInstall (/tmp/.mount_zulip_tBeyjK/resources/app.asar/node_modules/electron-updater/out/AppImageUpdater.js:146:24)
    at AppImageUpdater.install (/tmp/.mount_zulip_tBeyjK/resources/app.asar/node_modules/electron-updater/out/BaseUpdater.js:71:19)
    at AppImageUpdater.quitAndInstall (/tmp/.mount_zulip_tBeyjK/resources/app.asar/node_modules/electron-updater/out/BaseUpdater.js:28:30)
    at AppImageUpdater.<anonymous> (/tmp/.mount_zulip_tBeyjK/resources/app.asar/app/main/autoupdater.js:110:44)
[2020-09-29 17:01:28.457] [info] Auto install update on quit
[2020-09-29 17:01:28.458] [info] Install: isSilent: true, isForceRunAfter: false
[2020-09-29 17:01:28.461] [error] Error: Error: ENOSYS: function not implemented, unlink '/run/user/1000/appimagelauncherfs/0001.AppImage'
    at unlinkSync (fs.js:1035:3)
    at AppImageUpdater.doInstall (/tmp/.mount_zulip_tBeyjK/resources/app.asar/node_modules/electron-updater/out/AppImageUpdater.js:146:24)
    at AppImageUpdater.install (/tmp/.mount_zulip_tBeyjK/resources/app.asar/node_modules/electron-updater/out/BaseUpdater.js:71:19)
    at /tmp/.mount_zulip_tBeyjK/resources/app.asar/node_modules/electron-updater/out/BaseUpdater.js:104:12
    at App.<anonymous> (/tmp/.mount_zulip_tBeyjK/resources/app.asar/node_modules/electron-updater/out/ElectronAppAdapter.js:62:44)
    at Object.onceWrapper (events.js:300:26)
    at App.emit (events.js:215:7)
    at App.EventEmitter.emit (domain.js:476:20)
    at App.emitter.emit (/tmp/.mount_zulip_tBeyjK/resources/app.asar/node_modules/@sentry/electron/dist/main/integrations/electron.js:58:20)
    at App.topLevelDomainCallback (domain.js:131:23)
[2020-09-29 17:08:23.963] [info] Checking for update
[2020-09-29 17:08:25.709] [info] Found version 5.4.3 (url: Zulip-5.4.3-x86_64.AppImage)
[2020-09-29 17:08:25.710] [info] Downloading update from Zulip-5.4.3-x86_64.AppImage
[2020-09-29 17:08:26.020] [info] Update has already been downloaded to /home/cormak/.cache/zulip-updater/pending/Zulip-5.4.3-x86_64.AppImage).
[2020-09-29 17:08:30.711] [info] Install on explicit quitAndInstall
[2020-09-29 17:08:30.712] [info] Install: isSilent: false, isForceRunAfter: true
[2020-09-29 17:08:30.715] [error] Error: Error: ENOSYS: function not implemented, unlink '/run/user/1000/appimagelauncherfs/0000.AppImage'
    at unlinkSync (fs.js:1035:3)
    at AppImageUpdater.doInstall (/tmp/.mount_Zulip-pAuais/resources/app.asar/node_modules/electron-updater/out/AppImageUpdater.js:146:24)
    at AppImageUpdater.install (/tmp/.mount_Zulip-pAuais/resources/app.asar/node_modules/electron-updater/out/BaseUpdater.js:71:19)
    at AppImageUpdater.quitAndInstall (/tmp/.mount_Zulip-pAuais/resources/app.asar/node_modules/electron-updater/out/BaseUpdater.js:28:30)
    at AppImageUpdater.<anonymous> (/tmp/.mount_Zulip-pAuais/resources/app.asar/app/main/autoupdater.js:110:44)
[2020-09-29 17:08:30.723] [info] Auto install update on quit
[2020-09-29 17:08:30.725] [info] Install: isSilent: true, isForceRunAfter: false
[2020-09-29 17:08:30.728] [error] Error: Error: ENOSYS: function not implemented, unlink '/run/user/1000/appimagelauncherfs/0000.AppImage'
    at unlinkSync (fs.js:1035:3)
    at AppImageUpdater.doInstall (/tmp/.mount_Zulip-pAuais/resources/app.asar/node_modules/electron-updater/out/AppImageUpdater.js:146:24)
    at AppImageUpdater.install (/tmp/.mount_Zulip-pAuais/resources/app.asar/node_modules/electron-updater/out/BaseUpdater.js:71:19)
    at /tmp/.mount_Zulip-pAuais/resources/app.asar/node_modules/electron-updater/out/BaseUpdater.js:104:12
    at App.<anonymous> (/tmp/.mount_Zulip-pAuais/resources/app.asar/node_modules/electron-updater/out/ElectronAppAdapter.js:62:44)
    at Object.onceWrapper (events.js:300:26)
    at App.emit (events.js:215:7)
    at App.EventEmitter.emit (domain.js:476:20)
    at App.emitter.emit (/tmp/.mount_Zulip-pAuais/resources/app.asar/node_modules/@sentry/electron/dist/main/integrations/electron.js:58:20)
    at App.topLevelDomainCallback (domain.js:131:23)
[2020-10-07 11:31:28.921] [info] Checking for update
[2020-10-07 11:31:30.074] [info] Found version 5.4.3 (url: Zulip-5.4.3-x86_64.AppImage)
[2020-10-07 11:31:30.074] [info] Downloading update from Zulip-5.4.3-x86_64.AppImage
[2020-10-07 11:31:30.566] [info] Update has already been downloaded to /home/cormak/.cache/zulip-updater/pending/Zulip-5.4.3-x86_64.AppImage).
[2020-10-07 11:31:39.485] [info] Install on explicit quitAndInstall
[2020-10-07 11:31:39.490] [info] Install: isSilent: false, isForceRunAfter: true
[2020-10-07 11:31:39.494] [error] Error: Error: ENOSYS: function not implemented, unlink '/run/user/1000/appimagelauncherfs/0000.AppImage'
    at unlinkSync (fs.js:1035:3)
    at AppImageUpdater.doInstall (/tmp/.mount_Zulip-D3IfG4/resources/app.asar/node_modules/electron-updater/out/AppImageUpdater.js:146:24)
    at AppImageUpdater.install (/tmp/.mount_Zulip-D3IfG4/resources/app.asar/node_modules/electron-updater/out/BaseUpdater.js:71:19)
    at AppImageUpdater.quitAndInstall (/tmp/.mount_Zulip-D3IfG4/resources/app.asar/node_modules/electron-updater/out/BaseUpdater.js:28:30)
    at AppImageUpdater.<anonymous> (/tmp/.mount_Zulip-D3IfG4/resources/app.asar/app/main/autoupdater.js:110:44)
[2020-10-07 11:31:39.503] [info] Auto install update on quit
[2020-10-07 11:31:39.504] [info] Install: isSilent: true, isForceRunAfter: false
[2020-10-07 11:31:39.507] [error] Error: Error: ENOSYS: function not implemented, unlink '/run/user/1000/appimagelauncherfs/0000.AppImage'
    at unlinkSync (fs.js:1035:3)
    at AppImageUpdater.doInstall (/tmp/.mount_Zulip-D3IfG4/resources/app.asar/node_modules/electron-updater/out/AppImageUpdater.js:146:24)
    at AppImageUpdater.install (/tmp/.mount_Zulip-D3IfG4/resources/app.asar/node_modules/electron-updater/out/BaseUpdater.js:71:19)
    at /tmp/.mount_Zulip-D3IfG4/resources/app.asar/node_modules/electron-updater/out/BaseUpdater.js:104:12
    at App.<anonymous> (/tmp/.mount_Zulip-D3IfG4/resources/app.asar/node_modules/electron-updater/out/ElectronAppAdapter.js:62:44)
    at Object.onceWrapper (events.js:300:26)
    at App.emit (events.js:215:7)
    at App.EventEmitter.emit (domain.js:476:20)
    at App.emitter.emit (/tmp/.mount_Zulip-D3IfG4/resources/app.asar/node_modules/@sentry/electron/dist/main/integrations/electron.js:58:20)
    at App.topLevelDomainCallback (domain.js:131:23)
[2020-10-07 11:32:05.554] [info] Checking for update
[2020-10-07 11:32:06.473] [info] Found version 5.4.3 (url: Zulip-5.4.3-x86_64.AppImage)
[2020-10-07 11:32:06.475] [info] Downloading update from Zulip-5.4.3-x86_64.AppImage
[2020-10-07 11:32:06.693] [info] Update has already been downloaded to /home/cormak/.cache/zulip-updater/pending/Zulip-5.4.3-x86_64.AppImage).
[2020-10-07 11:32:10.784] [info] Install on explicit quitAndInstall
[2020-10-07 11:32:10.785] [info] Install: isSilent: false, isForceRunAfter: true
[2020-10-07 11:32:10.787] [error] Error: Error: ENOSYS: function not implemented, unlink '/run/user/1000/appimagelauncherfs/0000.AppImage'
    at unlinkSync (fs.js:1035:3)
    at AppImageUpdater.doInstall (/tmp/.mount_Zulip-Vh9nAp/resources/app.asar/node_modules/electron-updater/out/AppImageUpdater.js:146:24)
    at AppImageUpdater.install (/tmp/.mount_Zulip-Vh9nAp/resources/app.asar/node_modules/electron-updater/out/BaseUpdater.js:71:19)
    at AppImageUpdater.quitAndInstall (/tmp/.mount_Zulip-Vh9nAp/resources/app.asar/node_modules/electron-updater/out/BaseUpdater.js:28:30)
    at AppImageUpdater.<anonymous> (/tmp/.mount_Zulip-Vh9nAp/resources/app.asar/app/main/autoupdater.js:110:44)
[2020-10-07 11:32:10.792] [info] Auto install update on quit
[2020-10-07 11:32:10.793] [info] Install: isSilent: true, isForceRunAfter: false
[2020-10-07 11:32:10.795] [error] Error: Error: ENOSYS: function not implemented, unlink '/run/user/1000/appimagelauncherfs/0000.AppImage'
    at unlinkSync (fs.js:1035:3)
    at AppImageUpdater.doInstall (/tmp/.mount_Zulip-Vh9nAp/resources/app.asar/node_modules/electron-updater/out/AppImageUpdater.js:146:24)
    at AppImageUpdater.install (/tmp/.mount_Zulip-Vh9nAp/resources/app.asar/node_modules/electron-updater/out/BaseUpdater.js:71:19)
    at /tmp/.mount_Zulip-Vh9nAp/resources/app.asar/node_modules/electron-updater/out/BaseUpdater.js:104:12
    at App.<anonymous> (/tmp/.mount_Zulip-Vh9nAp/resources/app.asar/node_modules/electron-updater/out/ElectronAppAdapter.js:62:44)
    at Object.onceWrapper (events.js:300:26)
    at App.emit (events.js:215:7)
    at App.EventEmitter.emit (domain.js:476:20)
    at App.emitter.emit (/tmp/.mount_Zulip-Vh9nAp/resources/app.asar/node_modules/@sentry/electron/dist/main/integrations/electron.js:58:20)
    at App.topLevelDomainCallback (domain.js:131:23)
[2020-10-07 11:32:28.510] [info] Checking for update
[2020-10-07 11:32:29.271] [info] Found version 5.4.3 (url: Zulip-5.4.3-x86_64.AppImage)
[2020-10-07 11:32:29.271] [info] Downloading update from Zulip-5.4.3-x86_64.AppImage
[2020-10-07 11:32:29.490] [info] Update has already been downloaded to /home/cormak/.cache/zulip-updater/pending/Zulip-5.4.3-x86_64.AppImage).
[2020-10-07 17:35:37.035] [info] Checking for update
[2020-10-07 17:35:38.478] [info] Found version 5.4.3 (url: Zulip-5.4.3-x86_64.AppImage)
[2020-10-07 17:35:38.480] [info] Downloading update from Zulip-5.4.3-x86_64.AppImage
[2020-10-07 17:35:38.835] [info] Update has already been downloaded to /home/cormak/.cache/zulip-updater/pending/Zulip-5.4.3-x86_64.AppImage).
[2020-10-07 17:35:41.630] [info] Install on explicit quitAndInstall
[2020-10-07 17:35:41.631] [info] Install: isSilent: false, isForceRunAfter: true
[2020-10-07 17:35:41.634] [error] Error: Error: ENOSYS: function not implemented, unlink '/run/user/1000/appimagelauncherfs/0000.AppImage'
    at unlinkSync (fs.js:1035:3)
    at AppImageUpdater.doInstall (/tmp/.mount_Zulip-6prYqi/resources/app.asar/node_modules/electron-updater/out/AppImageUpdater.js:146:24)
    at AppImageUpdater.install (/tmp/.mount_Zulip-6prYqi/resources/app.asar/node_modules/electron-updater/out/BaseUpdater.js:71:19)
    at AppImageUpdater.quitAndInstall (/tmp/.mount_Zulip-6prYqi/resources/app.asar/node_modules/electron-updater/out/BaseUpdater.js:28:30)
    at AppImageUpdater.<anonymous> (/tmp/.mount_Zulip-6prYqi/resources/app.asar/app/main/autoupdater.js:110:44)
[2020-10-07 17:35:41.638] [info] Auto install update on quit
[2020-10-07 17:35:41.639] [info] Install: isSilent: true, isForceRunAfter: false
[2020-10-07 17:35:41.640] [error] Error: Error: ENOSYS: function not implemented, unlink '/run/user/1000/appimagelauncherfs/0000.AppImage'
    at unlinkSync (fs.js:1035:3)
    at AppImageUpdater.doInstall (/tmp/.mount_Zulip-6prYqi/resources/app.asar/node_modules/electron-updater/out/AppImageUpdater.js:146:24)
    at AppImageUpdater.install (/tmp/.mount_Zulip-6prYqi/resources/app.asar/node_modules/electron-updater/out/BaseUpdater.js:71:19)
    at /tmp/.mount_Zulip-6prYqi/resources/app.asar/node_modules/electron-updater/out/BaseUpdater.js:104:12
    at App.<anonymous> (/tmp/.mount_Zulip-6prYqi/resources/app.asar/node_modules/electron-updater/out/ElectronAppAdapter.js:62:44)
    at Object.onceWrapper (events.js:300:26)
    at App.emit (events.js:215:7)
    at App.EventEmitter.emit (domain.js:476:20)
    at App.emitter.emit (/tmp/.mount_Zulip-6prYqi/resources/app.asar/node_modules/@sentry/electron/dist/main/integrations/electron.js:58:20)
    at App.topLevelDomainCallback (domain.js:131:23)
[2020-10-07 17:35:52.559] [info] Checking for update
[2020-10-07 17:35:53.472] [info] Found version 5.4.3 (url: Zulip-5.4.3-x86_64.AppImage)
[2020-10-07 17:35:53.475] [info] Downloading update from Zulip-5.4.3-x86_64.AppImage
[2020-10-07 17:35:53.945] [info] Update has already been downloaded to /home/cormak/.cache/zulip-updater/pending/Zulip-5.4.3-x86_64.AppImage).
[2020-10-11 22:40:01.795] [info] Checking for update
[2020-10-11 22:40:03.154] [info] Found version 5.4.3 (url: Zulip-5.4.3-x86_64.AppImage)
[2020-10-11 22:40:03.154] [info] Downloading update from Zulip-5.4.3-x86_64.AppImage
[2020-10-11 22:40:03.467] [info] Update has already been downloaded to /home/cormak/.cache/zulip-updater/pending/Zulip-5.4.3-x86_64.AppImage).
[2020-10-15 11:52:47.616] [info] Checking for update
[2020-10-15 11:52:49.113] [info] Found version 5.4.3 (url: Zulip-5.4.3-x86_64.AppImage)
[2020-10-15 11:52:49.114] [info] Downloading update from Zulip-5.4.3-x86_64.AppImage
[2020-10-15 11:52:49.432] [info] Update has already been downloaded to /home/cormak/.cache/zulip-updater/pending/Zulip-5.4.3-x86_64.AppImage).
