Sep 27 22:22:45.000 [notice] Tor 0.3.5.11 opening new log file.
Sep 27 22:22:45.839 [notice] Tor 0.3.5.11 running on Linux with Libevent 2.1.9-beta, OpenSSL 1.0.2q, Zlib 1.2.11, Liblzma N/A, and Libzstd N/A.
Sep 27 22:22:45.840 [notice] Tor can't help you if you use it wrong! Learn how to be safe at https://www.torproject.org/download/download#warning
Sep 27 22:22:45.840 [notice] Configuration file "/nonexistent" not present, using reasonable defaults.
Sep 27 22:22:45.847 [notice] Opening Socks listener on 127.0.0.1:9390
Sep 27 22:22:45.847 [notice] Opened Socks listener on 127.0.0.1:9390
Sep 27 22:22:45.847 [notice] Opening Control listener on 127.0.0.1:0
Sep 27 22:22:45.847 [notice] Control listener listening on port 40779.
Sep 27 22:22:45.847 [notice] Opened Control listener on 127.0.0.1:40779
Sep 27 22:22:45.000 [notice] Bootstrapped 0%: Starting
Sep 27 22:22:47.000 [notice] Starting with guard context "default"
Sep 27 22:22:47.000 [notice] Bootstrapped 5%: Connecting to directory server
Sep 27 22:22:47.000 [notice] Bootstrapped 10%: Finishing handshake with directory server
Sep 27 22:22:47.000 [notice] Bootstrapped 15%: Establishing an encrypted directory connection
Sep 27 22:22:47.000 [notice] Bootstrapped 20%: Asking for networkstatus consensus
Sep 27 22:22:47.000 [notice] Bootstrapped 25%: Loading networkstatus consensus
Sep 27 22:22:48.000 [notice] Bootstrapped 45%: Asking for relay descriptors
Sep 27 22:22:48.000 [notice] I learned some more directory information, but not enough to build a circuit: We need more microdescriptors: we have 3529/6467, and can only build 20% of likely paths. (We have 58% of guards bw, 56% of midpoint bw, and 60% of exit bw = 20% of path bw.)
Sep 27 22:22:49.000 [notice] Bootstrapped 59%: Loading relay descriptors
Sep 27 22:22:49.000 [notice] I learned some more directory information, but not enough to build a circuit: We need more microdescriptors: we have 3529/6467, and can only build 20% of likely paths. (We have 58% of guards bw, 56% of midpoint bw, and 60% of exit bw = 20% of path bw.)
Sep 27 22:22:49.000 [notice] Bootstrapped 68%: Loading relay descriptors
Sep 27 22:22:49.000 [notice] Bootstrapped 74%: Loading relay descriptors
Sep 27 22:22:49.000 [notice] Bootstrapped 80%: Connecting to the Tor network
Sep 27 22:22:49.000 [notice] Bootstrapped 90%: Establishing a Tor circuit
Sep 27 22:22:49.000 [notice] Bootstrapped 100%: Done
Sep 27 22:23:00.000 [notice] Have tried resolving or connecting to address '[scrubbed]' at 3 different places. Giving up.
Sep 27 22:23:03.000 [notice] Have tried resolving or connecting to address '[scrubbed]' at 3 different places. Giving up.
Sep 27 22:23:04.000 [notice] Have tried resolving or connecting to address '[scrubbed]' at 3 different places. Giving up.
Sep 27 22:23:22.000 [notice] Have tried resolving or connecting to address '[scrubbed]' at 3 different places. Giving up.
Sep 27 22:23:48.000 [notice] Have tried resolving or connecting to address '[scrubbed]' at 3 different places. Giving up.
Sep 27 22:24:58.000 [notice] Have tried resolving or connecting to address '[scrubbed]' at 3 different places. Giving up.
Sep 27 22:28:33.000 [notice] Have tried resolving or connecting to address '[scrubbed]' at 3 different places. Giving up.
Sep 27 22:34:40.000 [notice] Catching signal TERM, exiting cleanly.
